<?xml version="1.0" encoding="UTF-8"?>
<!-- Generated by org.testng.reporters.JUnitReportReporter -->
<testsuite skipped="2" hostname="DESKTOP-OUBGVRC" name="TestCases.CheckoutInformationPageTest" tests="4" failures="0" timestamp="2023-01-12T17:17:58 IST" time="422.734" errors="0">
  <testcase name="verifyCancleButtonTest" time="191.612" classname="TestCases.CheckoutInformationPageTest"/>
  <testcase name="verifyCheckoutLoginTest" time="231.122" classname="TestCases.CheckoutInformationPageTest"/>
  <testcase name="verifyCheckoutInformationTextTest" classname="TestCases.CheckoutInformationPageTest">
    <skipped/>
  </testcase> <!-- verifyCheckoutInformationTextTest -->
  <testcase name="verifyURLTest" classname="TestCases.CheckoutInformationPageTest">
    <skipped/>
  </testcase> <!-- verifyURLTest -->
</testsuite> <!-- TestCases.CheckoutInformationPageTest -->
