<?xml version="1.0" encoding="UTF-8"?>
<!-- Generated by org.testng.reporters.JUnitReportReporter -->
<testsuite skipped="0" hostname="DESKTOP-OUBGVRC" name="TestCases.CheckoutCompletePageTest" tests="4" failures="0" timestamp="2023-01-12T17:17:59 IST" time="895.823" errors="0">
  <testcase name="verifyImgTest" time="232.837" classname="TestCases.CheckoutCompletePageTest"/>
  <testcase name="verifyThankuTextTest" time="224.827" classname="TestCases.CheckoutCompletePageTest"/>
  <testcase name="verifyBackButtonTextTest" time="219.904" classname="TestCases.CheckoutCompletePageTest"/>
  <testcase name="verifyCheckoutCompleteTextTest" time="218.255" classname="TestCases.CheckoutCompletePageTest"/>
</testsuite> <!-- TestCases.CheckoutCompletePageTest -->
