<?xml version="1.0" encoding="UTF-8"?>
<!-- Generated by org.testng.reporters.JUnitReportReporter -->
<testsuite skipped="1" hostname="DESKTOP-OUBGVRC" name="TestCases.CheckoutOverviewTest" tests="5" failures="0" timestamp="2023-01-12T17:17:58 IST" time="783.352" errors="0">
  <testcase name="verifyFinishButnTest" time="192.319" classname="TestCases.CheckoutOverviewTest"/>
  <testcase name="verifyDescriptionTextTest" time="189.074" classname="TestCases.CheckoutOverviewTest"/>
  <testcase name="verifyCancelButnTest" time="199.223" classname="TestCases.CheckoutOverviewTest"/>
  <testcase name="verifyQuntyTextTest" time="202.736" classname="TestCases.CheckoutOverviewTest"/>
  <testcase name="verifyCheckoutOverviewTextTest" classname="TestCases.CheckoutOverviewTest">
    <skipped/>
  </testcase> <!-- verifyCheckoutOverviewTextTest -->
</testsuite> <!-- TestCases.CheckoutOverviewTest -->
